[debug] [2025-08-29T12:16:09.912Z] ----------------------------------------------------------------------
[debug] [2025-08-29T12:16:09.915Z] Command:       C:\Program Files\nodejs\node.exe C:\Users\SHYAM\AppData\Roaming\npm\node_modules\firebase-tools\lib\bin\firebase.js init
[debug] [2025-08-29T12:16:09.915Z] CLI Version:   14.14.0
[debug] [2025-08-29T12:16:09.915Z] Platform:      win32
[debug] [2025-08-29T12:16:09.915Z] Node Version:  v24.5.0
[debug] [2025-08-29T12:16:09.915Z] Time:          Fri Aug 29 2025 17:46:09 GMT+0530 (India Standard Time)
[debug] [2025-08-29T12:16:09.915Z] ----------------------------------------------------------------------
[debug] 
[debug] [2025-08-29T12:16:09.917Z] >>> [apiv2][query] GET https://firebase-public.firebaseio.com/cli.json [none]
[debug] [2025-08-29T12:16:09.941Z] > command requires scopes: ["email","openid","https://www.googleapis.com/auth/cloudplatformprojects.readonly","https://www.googleapis.com/auth/firebase","https://www.googleapis.com/auth/cloud-platform"]
[debug] [2025-08-29T12:16:09.942Z] > authorizing via signed-in user (shyamseenufirst@gmail.com)
[info] 
     ######## #### ########  ######## ########     ###     ######  ########
     ##        ##  ##     ## ##       ##     ##  ##   ##  ##       ##
     ######    ##  ########  ######   ########  #########  ######  ######
     ##        ##  ##    ##  ##       ##     ## ##     ##       ## ##
     ##       #### ##     ## ######## ########  ##     ##  ######  ########

You're about to initialize a Firebase project in this directory:

  C:\Users\SHYAM\Documents\Saapadu Groups\Saapadu\Admin - Web\frontend

[debug] [2025-08-29T12:16:10.586Z] <<< [apiv2][status] GET https://firebase-public.firebaseio.com/cli.json 200
[debug] [2025-08-29T12:16:10.586Z] <<< [apiv2][body] GET https://firebase-public.firebaseio.com/cli.json {"cloudBuildErrorAfter":1594252800000,"cloudBuildWarnAfter":1590019200000,"defaultNode10After":1594252800000,"minVersion":"3.0.5","node8DeploysDisabledAfter":1613390400000,"node8RuntimeDisabledAfter":1615809600000,"node8WarnAfter":1600128000000}
[info] 
=== Project Setup
[info] 
[info] First, let's associate this project directory with a Firebase project.
[info] You can create multiple project aliases by running firebase use --add, 
[info] but for now we'll just set up a default project.
[info] 
[debug] [2025-08-29T12:16:33.830Z] Checked if tokens are valid: false, expires at: 1756314618076
[debug] [2025-08-29T12:16:33.831Z] Checked if tokens are valid: false, expires at: 1756314618076
[debug] [2025-08-29T12:16:33.831Z] > refreshing access token with scopes: []
[debug] [2025-08-29T12:16:33.832Z] >>> [apiv2][query] POST https://www.googleapis.com/oauth2/v3/token [none]
[debug] [2025-08-29T12:16:33.832Z] >>> [apiv2][body] POST https://www.googleapis.com/oauth2/v3/token [omitted]
[debug] [2025-08-29T12:16:34.561Z] <<< [apiv2][status] POST https://www.googleapis.com/oauth2/v3/token 200
[debug] [2025-08-29T12:16:34.561Z] <<< [apiv2][body] POST https://www.googleapis.com/oauth2/v3/token [omitted]
[debug] [2025-08-29T12:16:34.576Z] >>> [apiv2][query] GET https://firebase.googleapis.com/v1beta1/projects pageSize=100
[debug] [2025-08-29T12:16:35.467Z] <<< [apiv2][status] GET https://firebase.googleapis.com/v1beta1/projects 200
[debug] [2025-08-29T12:16:35.467Z] <<< [apiv2][body] GET https://firebase.googleapis.com/v1beta1/projects [omitted]
[info] i  Using project saapadu-groups (Saapadu) 
[info] 
=== Hosting Setup
[debug] [2025-08-29T12:16:38.234Z] Checked if tokens are valid: true, expires at: 1756473393561
[debug] [2025-08-29T12:16:38.234Z] Checked if tokens are valid: true, expires at: 1756473393561
[debug] [2025-08-29T12:16:38.234Z] >>> [apiv2][query] GET https://firebase.googleapis.com/v1beta1/projects/saapadu-groups [none]
[debug] [2025-08-29T12:16:38.642Z] <<< [apiv2][status] GET https://firebase.googleapis.com/v1beta1/projects/saapadu-groups 200
[debug] [2025-08-29T12:16:38.642Z] <<< [apiv2][body] GET https://firebase.googleapis.com/v1beta1/projects/saapadu-groups {"projectId":"saapadu-groups","projectNumber":"808823490320","displayName":"Saapadu","name":"projects/saapadu-groups","resources":{"hostingSite":"saapadu-groups","realtimeDatabaseInstance":"saapadu-groups-default-rtdb"},"state":"ACTIVE","etag":"1_f94e395d-5eb4-420a-b7f2-c14bb4147661"}
[info] 
[info] Your public directory is the folder (relative to your project directory) that
[info] will contain Hosting assets to be uploaded with firebase deploy. If you
[info] have a build process for your assets, use your build's output directory.
[info] 
[debug] [2025-08-29T12:17:06.298Z] >>> [apiv2][query] GET https://www.gstatic.com/firebasejs/releases.json [none]
[debug] [2025-08-29T12:17:06.599Z] <<< [apiv2][status] GET https://www.gstatic.com/firebasejs/releases.json 200
[debug] [2025-08-29T12:17:06.599Z] <<< [apiv2][body] GET https://www.gstatic.com/firebasejs/releases.json {"current":{"version":"12.2.1","browserURL":"https://www.gstatic.com/firebasejs/12.2.1/firebase.js","packageURL":"https://www.gstatic.com/firebasejs/12.2.1/firebase.tgz"},"live":{"version":"12.2","browserURL":"https://www.gstatic.com/firebasejs/live/12.2/firebase.js","packageURL":"https://www.gstatic.com/firebasejs/live/12.2/firebase.tgz"},"components":{"ai":"https://www.gstatic.com/firebasejs/12.2.1/firebase-ai.js","analytics":"https://www.gstatic.com/firebasejs/12.2.1/firebase-analytics.js","app":"https://www.gstatic.com/firebasejs/12.2.1/firebase-app.js","app-check":"https://www.gstatic.com/firebasejs/12.2.1/firebase-app-check.js","auth":"https://www.gstatic.com/firebasejs/12.2.1/firebase-auth.js","auth/cordova":"https://www.gstatic.com/firebasejs/12.2.1/firebase-auth/cordova.js","auth/web-extension":"https://www.gstatic.com/firebasejs/12.2.1/firebase-auth/web-extension.js","functions":"https://www.gstatic.com/firebasejs/12.2.1/firebase-functions.js","firestore":"https://www.gstatic.com/firebasejs/12.2.1/firebase-firestore.js","firestore/lite":"https://www.gstatic.com/firebasejs/12.2.1/firebase-firestore/lite.js","installations":"https://www.gstatic.com/firebasejs/12.2.1/firebase-installations.js","storage":"https://www.gstatic.com/firebasejs/12.2.1/firebase-storage.js","performance":"https://www.gstatic.com/firebasejs/12.2.1/firebase-performance.js","remote-config":"https://www.gstatic.com/firebasejs/12.2.1/firebase-remote-config.js","messaging":"https://www.gstatic.com/firebasejs/12.2.1/firebase-messaging.js","messaging/sw":"https://www.gstatic.com/firebasejs/12.2.1/firebase-messaging/sw.js","database":"https://www.gstatic.com/firebasejs/12.2.1/firebase-database.js","data-connect":"https://www.gstatic.com/firebasejs/12.2.1/firebase-data-connect.js","firestore.memory":"https://www.gstatic.com/firebasejs/12.2.1/firebase-firestore.memory.js"}}
[info] i  Skipping write of build/index.html 
[info] 
[info] i  Detected a .git folder at C:\Users\SHYAM\Documents\Saapadu Groups 
[info] i  Authorizing with GitHub to upload your service account to a GitHub repository's secrets store. 
[info] 
[info] Visit this URL on this device to log in:
[info] https://github.com/login/oauth/authorize?client_id=89cf50f02ac6aaed3484&state=1028693335&redirect_uri=http%3A%2F%2Flocalhost%3A9005&scope=read%3Auser%20repo%20public_repo
[info] 
[info] Waiting for authentication...
[debug] [2025-08-29T12:17:48.045Z] >>> [apiv2][query] POST https://github.com/login/oauth/access_token [none]
[debug] [2025-08-29T12:17:48.045Z] >>> [apiv2][body] POST https://github.com/login/oauth/access_token [stream]
[debug] [2025-08-29T12:17:48.524Z] <<< [apiv2][status] POST https://github.com/login/oauth/access_token 200
[debug] [2025-08-29T12:17:48.524Z] <<< [apiv2][body] POST https://github.com/login/oauth/access_token {"access_token":"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","token_type":"bearer","scope":"read:user,repo"}
[debug] [2025-08-29T12:17:48.528Z] >>> [apiv2][query] GET https://api.github.com/user [none]
[debug] [2025-08-29T12:17:49.050Z] <<< [apiv2][status] GET https://api.github.com/user 200
[debug] [2025-08-29T12:17:49.051Z] <<< [apiv2][body] GET https://api.github.com/user {"login":"Shyam-Srinivasan","id":152274325,"node_id":"U_kgDOCROFlQ","avatar_url":"https://avatars.githubusercontent.com/u/152274325?v=4","gravatar_id":"","url":"https://api.github.com/users/Shyam-Srinivasan","html_url":"https://github.com/Shyam-Srinivasan","followers_url":"https://api.github.com/users/Shyam-Srinivasan/followers","following_url":"https://api.github.com/users/Shyam-Srinivasan/following{/other_user}","gists_url":"https://api.github.com/users/Shyam-Srinivasan/gists{/gist_id}","starred_url":"https://api.github.com/users/Shyam-Srinivasan/starred{/owner}{/repo}","subscriptions_url":"https://api.github.com/users/Shyam-Srinivasan/subscriptions","organizations_url":"https://api.github.com/users/Shyam-Srinivasan/orgs","repos_url":"https://api.github.com/users/Shyam-Srinivasan/repos","events_url":"https://api.github.com/users/Shyam-Srinivasan/events{/privacy}","received_events_url":"https://api.github.com/users/Shyam-Srinivasan/received_events","type":"User","user_view_type":"private","site_admin":false,"name":"Shyam S","company":null,"blog":"","location":"Thiruvallur","email":null,"hireable":null,"bio":null,"twitter_username":null,"notification_email":null,"public_repos":5,"public_gists":0,"followers":1,"following":1,"created_at":"2023-11-28T10:37:16Z","updated_at":"2025-07-20T10:24:15Z","private_gists":0,"total_private_repos":0,"owned_private_repos":0,"disk_usage":79783,"collaborators":0,"two_factor_authentication":false,"plan":{"name":"free","space":976562499,"collaborators":0,"private_repos":10000}}
[info] 
[info] +  Success! Logged into GitHub as Shyam-Srinivasan 
[info] 
